<?xml version="1.0" encoding="UTF-8"?>
<!-- Generated by org.testng.reporters.JUnitXMLReporter -->
<testsuite hostname="Lenovo-PC" ignored="3" name="Test" tests="1" failures="0" timestamp="30 Aug 2017 04:29:50 GMT" time="0.15" errors="0">
  <testcase name="Fit" time="0.036" classname="hellodear01.TestngLearning"/>
  <testcase name="Kit" time="0.0" classname="hellodear01.TestngLearning">
    <ignored/>
  </testcase> <!-- Kit -->
  <testcase name="Hit" time="0.0" classname="hellodear01.TestngLearning">
    <ignored/>
  </testcase> <!-- Hit -->
  <testcase name="spit" time="0.0" classname="hellodear01.TestngLearning">
    <ignored/>
  </testcase> <!-- spit -->
</testsuite> <!-- Test -->
