<?xml version="1.0" encoding="UTF-8"?>
<testng-results skipped="0" failed="0" total="1" passed="1">
  <reporter-output>
  </reporter-output>
  <suite name="Suite" duration-ms="74" started-at="2017-07-04T03:45:55Z" finished-at="2017-07-04T03:45:55Z">
    <groups>
    </groups>
    <test name="Test" duration-ms="74" started-at="2017-07-04T03:45:55Z" finished-at="2017-07-04T03:45:55Z">
      <class name="hellodear01.lohit01">
        <test-method status="PASS" signature="launch()[pri:0, instance:hellodear01.lohit01@282ba1e]" name="launch" duration-ms="27" started-at="2017-07-04T09:15:55Z" finished-at="2017-07-04T09:15:55Z">
          <reporter-output>
          </reporter-output>
        </test-method> <!-- launch -->
      </class> <!-- hellodear01.lohit01 -->
    </test> <!-- Test -->
  </suite> <!-- Suite -->
</testng-results>
